17:09:53 -- Request received /
17:09:53 -- matching '/', full path : / is equal '/': true
17:09:53 -- Request received /index/
17:10:13 -- Request received /login/
17:10:14 -- Request received /login/
17:10:14 -- Entered login
17:10:14 -- user Authentication, id = 1
17:10:14 -- sending to index with User name: mohamad
email: mohamad_email@someProvider.com
17:10:32 -- Request received /index/
17:10:49 -- Request received /logout/
17:10:49 -- Request received /logout/index/
17:13:12 -- Shutting down Weather Service...
17:13:14 -- starting weather service
17:13:20 -- Request received /
17:13:20 -- matching '/', full path : / is equal '/': true
17:13:20 -- Request received /index/
17:13:21 -- Request received /login/
17:13:23 -- Request received /login/
17:13:23 -- Entered login
17:13:23 -- user Authentication, id = 1
17:13:23 -- sending to index with User name: mohamad
email: mohamad_email@someProvider.com
17:13:23 -- Request received /login/index/
17:13:55 -- Shutting down Weather Service...
17:13:56 -- starting weather service
17:14:03 -- Request received /
17:14:03 -- matching '/', full path : / is equal '/': true
17:14:03 -- Request received /index/
17:14:04 -- Request received /login/
17:14:06 -- Request received /login/
17:14:06 -- Entered login
17:14:06 -- user Authentication, id = 1
17:14:06 -- sending to index with User name: mohamad
email: mohamad_email@someProvider.com
17:14:06 -- Request received /index/
17:14:08 -- Request received /logout/
17:14:08 -- Request received /index/
17:15:53 -- Shutting down Weather Service...
17:15:55 -- starting weather service
17:16:00 -- Request received /index/
17:16:01 -- Request received /index/
17:16:01 -- Request received /favicon.ico
17:16:01 -- Request received /favicon.ico/
17:16:02 -- Request received /index/
17:16:02 -- Request received /favicon.ico
17:16:02 -- Request received /favicon.ico/
17:16:03 -- Request received /login/
17:16:04 -- Request received /login/
17:16:04 -- Entered login
17:16:04 -- user Authentication, id = 1
17:16:04 -- sending to index with User name: mohamad
email: mohamad_email@someProvider.com
17:16:04 -- Request received /index/
17:16:07 -- Request received /logout/
17:16:07 -- Request received /index/
17:36:13 -- Shutting down Weather Service...
17:56:42 -- starting weather service
17:57:23 -- Shutting down Weather Service...
18:03:35 -- starting weather service
18:03:44 -- Request received /index/
18:03:47 -- Request received /register/
18:04:00 -- Request received /register/
18:04:00 -- Request received /favicon.ico
18:04:01 -- Request received /favicon.ico/
18:04:01 -- Request received /register/
18:04:01 -- Request received /favicon.ico
18:04:01 -- Request received /favicon.ico/
18:04:01 -- Request received /register/
18:04:01 -- Request received /favicon.ico
18:04:01 -- Request received /favicon.ico/
18:04:02 -- Request received /register/
18:04:02 -- Request received /favicon.ico
18:04:02 -- Request received /favicon.ico/
18:04:41 -- Shutting down Weather Service...
18:04:59 -- starting weather service
18:05:05 -- Request received /index/
18:05:06 -- Request received /register/
18:05:47 -- Request received /register/
18:05:47 -- Registering a new User
18:05:47 -- user Creation, response = 2
18:05:47 -- sending to index with User name: Ali
email: ALiEmail@someProvider.com
18:05:47 -- Request received /index/
18:05:53 -- Request received /index/
18:05:55 -- Request received /index/
18:05:59 -- Request received /logout/
18:05:59 -- Request received /index/
18:06:00 -- Request received /login/
18:06:03 -- Request received /login/
18:06:03 -- Entered login
18:06:03 -- user Authentication, id = 1
18:06:03 -- sending to index with User name: mohamad
email: mohamad_email@someProvider.com
18:06:03 -- Request received /index/
18:06:04 -- Request received /logout/
18:06:04 -- Request received /index/
18:06:05 -- Request received /login/
18:06:37 -- Request received /login/
18:06:37 -- Entered login
18:06:37 -- user Authentication, id = 2
18:06:37 -- sending to index with User name: Ali
email: ALiEmail@someProvider.com
18:06:37 -- Request received /index/
18:06:49 -- Request received /logout/
18:06:49 -- Request received /index/
18:06:53 -- Shutting down Weather Service...
18:07:23 -- starting weather service
18:07:28 -- Request received /index/
18:07:32 -- Request received /register/
18:08:07 -- Request received /register/
18:08:07 -- Registering a new User
18:08:07 -- user Creation, response = -4
18:08:07 -- Error Creating User, message:User already Exists
18:08:24 -- Request received /register/
18:08:24 -- Registering a new User
18:08:24 -- user Creation, response = -3
18:08:24 -- Error Creating User, message:Password and Confirm Password does not match
18:10:18 -- Shutting down Weather Service...
18:10:20 -- starting weather service
18:10:25 -- Request received /register/
18:10:55 -- Shutting down Weather Service...
18:11:00 -- starting weather service
18:11:03 -- Request received /register/
18:11:05 -- Request received /register/
18:14:21 -- Shutting down Weather Service...
18:14:22 -- starting weather service
18:14:27 -- Request received /register/
18:14:29 -- Request received /register/
18:15:21 -- Shutting down Weather Service...
18:15:23 -- starting weather service
18:15:25 -- Request received /register/
18:15:33 -- Request received /register/
18:15:33 -- Registering a new User
18:15:33 -- user Creation, response = -3
18:15:33 -- Error Creating User, message:Password and Confirm Password does not match
18:15:39 -- Shutting down Weather Service...
18:15:49 -- starting weather service
18:15:52 -- Request received /register/
18:15:59 -- Request received /register/
18:15:59 -- Registering a new User
18:15:59 -- user Creation, response = -3
18:15:59 -- Error Creating User, message:Password and Confirm Password does not match
18:16:05 -- Request received /register/
18:16:05 -- Registering a new User
18:16:05 -- user Creation, response = -3
18:16:05 -- Error Creating User, message:Password and Confirm Password does not match
18:16:05 -- Request received /favicon.ico
18:16:05 -- Request received /favicon.ico/
18:16:07 -- Request received /register/
18:16:08 -- Request received /register/
18:16:08 -- Request received /favicon.ico
18:16:08 -- Request received /favicon.ico/
18:16:08 -- Request received /register/
18:16:08 -- Request received /favicon.ico
18:16:08 -- Request received /favicon.ico/
18:16:08 -- Request received /register/
18:16:08 -- Request received /favicon.ico
18:16:08 -- Request received /favicon.ico/
18:16:09 -- Request received /register/
18:16:09 -- Request received /favicon.ico
18:16:09 -- Request received /favicon.ico/
18:16:09 -- Request received /register/
18:16:09 -- Request received /favicon.ico
18:16:09 -- Request received /favicon.ico/
18:16:20 -- Request received /register/
18:16:20 -- Registering a new User
18:16:20 -- user Creation, response = -3
18:16:20 -- Error Creating User, message:Password and Confirm Password does not match
18:16:30 -- Request received /index/
18:16:31 -- Request received /index/
18:16:31 -- Request received /index/
18:16:31 -- Request received /index/
18:16:33 -- Request received /login/
18:16:33 -- Request received /index/
18:16:39 -- Shutting down Weather Service...
18:47:41 -- starting weather service
18:47:45 -- Request received /
18:47:45 -- Request received /index/
18:47:45 -- Request received /register/
18:47:50 -- Request received /login/
18:47:51 -- Request received /login/
18:47:51 -- Entered login
18:47:51 -- user Authentication, id = 1
18:47:51 -- sending to index with User name: mohamad
email: mohamad_email@someProvider.com
18:47:51 -- Request received /index/
18:47:55 -- Request received /
18:47:55 -- Request received /index/
18:48:01 -- Request received /scscsc
18:48:01 -- Request received /scscsc/
18:48:04 -- Request received /logout/
18:48:04 -- Request received /index/
18:48:04 -- Request received /register/
19:12:21 -- Shutting down Weather Service...
